#
# There is insufficient memory for the Java Runtime Environment to continue.
# Native memory allocation (mmap) failed to map 234881024 bytes for G1 virtual space
# Possible reasons:
#   The system is out of physical RAM or swap space
#   The process is running with CompressedOops enabled, and the Java Heap may be blocking the growth of the native heap
# Possible solutions:
#   Reduce memory load on the system
#   Increase physical memory or swap space
#   Check if swap backing store is full
#   Decrease Java heap size (-Xmx/-Xms)
#   Decrease number of Java threads
#   Decrease Java thread stack sizes (-Xss)
#   Set larger code cache with -XX:ReservedCodeCacheSize=
#   JVM is running with Zero Based Compressed Oops mode in which the Java heap is
#     placed in the first 32GB address space. The Java Heap base address is the
#     maximum limit for the native heap growth. Please use -XX:HeapBaseMinAddress
#     to set the Java Heap base and to place the Java Heap above 32GB virtual address.
# This output file may be truncated or incomplete.
#
#  Out of Memory Error (os_windows.cpp:3550), pid=10140, tid=14156
#
# JRE version:  (17.0.7+8) (build )
# Java VM: Java HotSpot(TM) 64-Bit Server VM (17.0.7+8-LTS-224, mixed mode, emulated-client, sharing, tiered, compressed oops, compressed class ptrs, g1 gc, windows-amd64)
# No core dump will be written. Minidumps are not enabled by default on client versions of Windows
#

---------------  S U M M A R Y ------------

Command Line: -XX:TieredStopAtLevel=1 -Dspring.output.ansi.enabled=always -Dcom.sun.management.jmxremote -Dspring.jmx.enabled=true -Dspring.liveBeansView.mbeanDomain -Dspring.application.admin.enabled=true -Dmanagement.endpoints.jmx.exposure.include=* -javaagent:C:\Program Files\JetBrains\IntelliJ IDEA 2023.1.3\lib\idea_rt.jar=53248:C:\Program Files\JetBrains\IntelliJ IDEA 2023.1.3\bin -Dfile.encoding=UTF-8 com.example.customers.CustomersApplication

Host: AMD Ryzen 5 3550H with Radeon Vega Mobile Gfx  , 8 cores, 13G,  Windows 10 , 64 bit Build 19041 (10.0.19041.3155)
Time: Tue Aug  1 17:29:51 2023 India Standard Time elapsed time: 0.022211 seconds (0d 0h 0m 0s)

---------------  T H R E A D  ---------------

Current thread (0x000001948ccedf80):  JavaThread "Unknown thread" [_thread_in_vm, id=14156, stack(0x00000084abb00000,0x00000084abc00000)]

Stack: [0x00000084abb00000,0x00000084abc00000]
Native frames: (J=compiled Java code, j=interpreted, Vv=VM code, C=native code)
V  [jvm.dll+0x676a4a]
V  [jvm.dll+0x7d74f4]
V  [jvm.dll+0x7d8c9e]
V  [jvm.dll+0x7d9303]
V  [jvm.dll+0x2452c5]
V  [jvm.dll+0x6738f9]
V  [jvm.dll+0x668232]
V  [jvm.dll+0x302826]
V  [jvm.dll+0x309da6]
V  [jvm.dll+0x35952e]
V  [jvm.dll+0x35975f]
V  [jvm.dll+0x2d9a38]
V  [jvm.dll+0x2da9a4]
V  [jvm.dll+0x7a8fb1]
V  [jvm.dll+0x3670e1]
V  [jvm.dll+0x788359]
V  [jvm.dll+0x3ea5ef]
V  [jvm.dll+0x3ec071]
C  [jli.dll+0x5297]
C  [ucrtbase.dll+0x21bb2]
C  [KERNEL32.DLL+0x17614]
C  [ntdll.dll+0x526b1]


---------------  P R O C E S S  ---------------

Threads class SMR info:
_java_thread_list=0x00007ffe4fe94998, length=0, elements={
}

Java Threads: ( => current thread )

Other Threads:
  0x000001948cd4fcb0 GCTaskThread "GC Thread#0" [stack: 0x00000084abc00000,0x00000084abd00000] [id=4192]
  0x000001948ac2d6f0 ConcurrentGCThread "G1 Main Marker" [stack: 0x00000084abd00000,0x00000084abe00000] [id=9564]
  0x000001948ac2e8a0 ConcurrentGCThread "G1 Conc#0" [stack: 0x00000084abe00000,0x00000084abf00000] [id=11680]

[error occurred during error reporting (printing all threads), id 0xc0000005, EXCEPTION_ACCESS_VIOLATION (0xc0000005) at pc=0x00007ffe4f6ca697]

VM state: not at safepoint (not fully initialized)

VM Mutex/Monitor currently owned by a thread:  ([mutex/lock_event])
[0x000001948cce90c0] Heap_lock - owner thread: 0x000001948ccedf80

Heap address: 0x0000000721e00000, size: 3554 MB, Compressed Oops mode: Zero based, Oop shift amount: 3

CDS archive(s) mapped at: [0x0000000000000000-0x0000000000000000-0x0000000000000000), size 0, SharedBaseAddress: 0x0000000800000000, ArchiveRelocationMode: 0.
Narrow klass base: 0x0000000000000000, Narrow klass shift: 0, Narrow klass range: 0x0

GC Precious Log:
<Empty>

Heap:
 garbage-first heap   total 0K, used 0K [0x0000000721e00000, 0x0000000800000000)
  region size 2048K, 0 young (0K), 0 survivors (0K)

[error occurred during error reporting (printing heap information), id 0xc0000005, EXCEPTION_ACCESS_VIOLATION (0xc0000005) at pc=0x00007ffe4fab00b9]

GC Heap History (0 events):
No events

Deoptimization events (0 events):
No events

Classes unloaded (0 events):
No events

Classes redefined (0 events):
No events

Internal exceptions (0 events):
No events

VM Operations (0 events):
No events

Events (1 events):
Event: 0.016 Loaded shared library C:\Program Files\Java\jdk-17\bin\java.dll


Dynamic libraries:
0x00007ff6ca300000 - 0x00007ff6ca310000 	C:\Program Files\Java\jdk-17\bin\java.exe
0x00007ffebba50000 - 0x00007ffebbc48000 	C:\WINDOWS\SYSTEM32\ntdll.dll
0x00007ffebae70000 - 0x00007ffebaf2f000 	C:\WINDOWS\System32\KERNEL32.DLL
0x00007ffeb92a0000 - 0x00007ffeb9596000 	C:\WINDOWS\System32\KERNELBASE.dll
0x00007ffeb9130000 - 0x00007ffeb9230000 	C:\WINDOWS\System32\ucrtbase.dll
0x00007ffeb3db0000 - 0x00007ffeb3dc9000 	C:\Program Files\Java\jdk-17\bin\jli.dll
0x00007ffeb3d90000 - 0x00007ffeb3dab000 	C:\Program Files\Java\jdk-17\bin\VCRUNTIME140.dll
0x00007ffebadc0000 - 0x00007ffebae6f000 	C:\WINDOWS\System32\ADVAPI32.dll
0x00007ffebaad0000 - 0x00007ffebab6e000 	C:\WINDOWS\System32\msvcrt.dll
0x00007ffebb590000 - 0x00007ffebb62c000 	C:\WINDOWS\System32\sechost.dll
0x00007ffebb7a0000 - 0x00007ffebb8c6000 	C:\WINDOWS\System32\RPCRT4.dll
0x00007ffebab70000 - 0x00007ffebad0d000 	C:\WINDOWS\System32\USER32.dll
0x00007ffea8df0000 - 0x00007ffea908a000 	C:\WINDOWS\WinSxS\amd64_microsoft.windows.common-controls_6595b64144ccf1df_6.0.19041.1110_none_60b5254171f9507e\COMCTL32.dll
0x00007ffeb95f0000 - 0x00007ffeb9612000 	C:\WINDOWS\System32\win32u.dll
0x00007ffebb4d0000 - 0x00007ffebb4fc000 	C:\WINDOWS\System32\GDI32.dll
0x00007ffeb9620000 - 0x00007ffeb9735000 	C:\WINDOWS\System32\gdi32full.dll
0x00007ffeb9980000 - 0x00007ffeb9a1d000 	C:\WINDOWS\System32\msvcp_win.dll
0x00007ffeb2a60000 - 0x00007ffeb2a6a000 	C:\WINDOWS\SYSTEM32\VERSION.dll
0x00007ffebb500000 - 0x00007ffebb530000 	C:\WINDOWS\System32\IMM32.DLL
0x00007ffeb3d80000 - 0x00007ffeb3d8c000 	C:\Program Files\Java\jdk-17\bin\vcruntime140_1.dll
0x00007ffe78b10000 - 0x00007ffe78b9e000 	C:\Program Files\Java\jdk-17\bin\msvcp140.dll
0x00007ffe4f3e0000 - 0x00007ffe4ffbd000 	C:\Program Files\Java\jdk-17\bin\server\jvm.dll
0x00007ffeb9ab0000 - 0x00007ffeb9ab8000 	C:\WINDOWS\System32\PSAPI.DLL
0x00007ffea5540000 - 0x00007ffea5567000 	C:\WINDOWS\SYSTEM32\WINMM.dll
0x00007ffe9cd40000 - 0x00007ffe9cd49000 	C:\WINDOWS\SYSTEM32\WSOCK32.dll
0x00007ffebb8d0000 - 0x00007ffebb93b000 	C:\WINDOWS\System32\WS2_32.dll
0x00007ffeb6fd0000 - 0x00007ffeb6fe2000 	C:\WINDOWS\SYSTEM32\kernel.appcore.dll
0x00007ffeb3d70000 - 0x00007ffeb3d7a000 	C:\Program Files\Java\jdk-17\bin\jimage.dll
0x00007ffea3360000 - 0x00007ffea3544000 	C:\WINDOWS\SYSTEM32\DBGHELP.DLL
0x00007ffea3320000 - 0x00007ffea3354000 	C:\WINDOWS\SYSTEM32\dbgcore.DLL
0x00007ffeb9a20000 - 0x00007ffeb9aa2000 	C:\WINDOWS\System32\bcryptPrimitives.dll
0x00007ffea8da0000 - 0x00007ffea8dae000 	C:\Program Files\Java\jdk-17\bin\instrument.dll
0x00007ffea4e50000 - 0x00007ffea4e75000 	C:\Program Files\Java\jdk-17\bin\java.dll

dbghelp: loaded successfully - version: 4.0.5 - missing functions: none
symbol engine: initialized successfully - sym options: 0x614 - pdb path: .;C:\Program Files\Java\jdk-17\bin;C:\WINDOWS\SYSTEM32;C:\WINDOWS\WinSxS\amd64_microsoft.windows.common-controls_6595b64144ccf1df_6.0.19041.1110_none_60b5254171f9507e;C:\Program Files\Java\jdk-17\bin\server

VM Arguments:
jvm_args: -XX:TieredStopAtLevel=1 -Dspring.output.ansi.enabled=always -Dcom.sun.management.jmxremote -Dspring.jmx.enabled=true -Dspring.liveBeansView.mbeanDomain -Dspring.application.admin.enabled=true -Dmanagement.endpoints.jmx.exposure.include=* -javaagent:C:\Program Files\JetBrains\IntelliJ IDEA 2023.1.3\lib\idea_rt.jar=53248:C:\Program Files\JetBrains\IntelliJ IDEA 2023.1.3\bin -Dfile.encoding=UTF-8 
java_command: com.example.customers.CustomersApplication
java_class_path (initial): C:\Users\aravi\Desktop\java\customers\target\classes;C:\Users\aravi\.m2\repository\org\springframework\boot\spring-boot-starter-data-jpa\2.7.5\spring-boot-starter-data-jpa-2.7.5.jar;C:\Users\aravi\.m2\repository\org\springframework\boot\spring-boot-starter-aop\2.7.5\spring-boot-starter-aop-2.7.5.jar;C:\Users\aravi\.m2\repository\org\springframework\spring-aop\5.3.23\spring-aop-5.3.23.jar;C:\Users\aravi\.m2\repository\org\aspectj\aspectjweaver\1.9.7\aspectjweaver-1.9.7.jar;C:\Users\aravi\.m2\repository\org\springframework\boot\spring-boot-starter-jdbc\2.7.5\spring-boot-starter-jdbc-2.7.5.jar;C:\Users\aravi\.m2\repository\com\zaxxer\HikariCP\4.0.3\HikariCP-4.0.3.jar;C:\Users\aravi\.m2\repository\org\springframework\spring-jdbc\5.3.23\spring-jdbc-5.3.23.jar;C:\Users\aravi\.m2\repository\jakarta\transaction\jakarta.transaction-api\1.3.3\jakarta.transaction-api-1.3.3.jar;C:\Users\aravi\.m2\repository\jakarta\persistence\jakarta.persistence-api\2.2.3\jakarta.persistence-api-2.2.3.jar;C:\Users\aravi\.m2\repository\org\hibernate\hibernate-core\5.6.12.Final\hibernate-core-5.6.12.Final.jar;C:\Users\aravi\.m2\repository\org\jboss\logging\jboss-logging\3.4.3.Final\jboss-logging-3.4.3.Final.jar;C:\Users\aravi\.m2\repository\net\bytebuddy\byte-buddy\1.12.18\byte-buddy-1.12.18.jar;C:\Users\aravi\.m2\repository\antlr\antlr\2.7.7\antlr-2.7.7.jar;C:\Users\aravi\.m2\repository\org\jboss\jandex\2.4.2.Final\jandex-2.4.2.Final.jar;C:\Users\aravi\.m2\repository\com\fasterxml\classmate\1.5.1\classmate-1.5.1.jar;C:\Users\aravi\.m2\repository\org\hibernate\common\hibernate-commons-annotations\5.1.2.Final\hibernate-commons-annotations-5.1.2.Final.jar;C:\Users\aravi\.m2\repository\org\glassfish\jaxb\jaxb-runtime\2.3.7\jaxb-runtime-2.3.7.jar;C:\Users\aravi\.m2\repository\org\glassfish\jaxb\txw2\2.3.7\txw2-2.3.7.jar;C:\Users\aravi\.m2\repository\com\sun\istack\istack-commons-runtime\3.0.12\istack-commons-runtime-3.0.12.jar;C:\Users\aravi\.m2\repository\com\sun\activa
Launcher Type: SUN_STANDARD

[Global flags]
     intx CICompilerCount                          = 4                                         {product} {ergonomic}
     uint ConcGCThreads                            = 2                                         {product} {ergonomic}
     uint G1ConcRefinementThreads                  = 8                                         {product} {ergonomic}
   size_t G1HeapRegionSize                         = 2097152                                   {product} {ergonomic}
    uintx GCDrainStackTargetSize                   = 64                                        {product} {ergonomic}
   size_t InitialHeapSize                          = 234881024                                 {product} {ergonomic}
     bool ManagementServer                         = true                                      {product} {command line}
   size_t MarkStackSize                            = 4194304                                   {product} {ergonomic}
   size_t MaxHeapSize                              = 3726639104                                {product} {ergonomic}
   size_t MinHeapDeltaBytes                        = 2097152                                   {product} {ergonomic}
   size_t MinHeapSize                              = 8388608                                   {product} {ergonomic}
    uintx NonProfiledCodeHeapSize                  = 0                                      {pd product} {ergonomic}
     bool ProfileInterpreter                       = false                                  {pd product} {command line}
    uintx ProfiledCodeHeapSize                     = 0                                      {pd product} {ergonomic}
   size_t SoftMaxHeapSize                          = 3726639104                             {manageable} {ergonomic}
     intx TieredStopAtLevel                        = 1                                         {product} {command line}
     bool UseCompressedClassPointers               = true                           {product lp64_product} {ergonomic}
     bool UseCompressedOops                        = true                           {product lp64_product} {ergonomic}
     bool UseG1GC                                  = true                                      {product} {ergonomic}
     bool UseLargePagesIndividualAllocation        = false                                  {pd product} {ergonomic}

Logging:
Log output configuration:
 #0: stdout all=warning uptime,level,tags
 #1: stderr all=off uptime,level,tags

Environment Variables:
PATH=C:\Program Files\Common Files\Oracle\Java\javapath;C:\WINDOWS\system32;C:\WINDOWS;C:\WINDOWS\System32\Wbem;C:\WINDOWS\System32\WindowsPowerShell\v1.0\;C:\WINDOWS\System32\OpenSSH\;C:\Program Files\Java\jdk-17\bin;C:\Program Files\nodejs\;C:\Program Files\Git\cmd;C:\Program Files\Redis;C:\Program Files\MySQL\MySQL Shell 8.0\bin\;C:\Users\aravi\AppData\Local\Microsoft\WindowsApps;;C:\Users\aravi\AppData\Local\Programs\Microsoft VS Code\bin;C:\Users\aravi\AppData\Roaming\npm
USERNAME=aravi
OS=Windows_NT
PROCESSOR_IDENTIFIER=AMD64 Family 23 Model 24 Stepping 1, AuthenticAMD



---------------  S Y S T E M  ---------------

OS:
 Windows 10 , 64 bit Build 19041 (10.0.19041.3155)
OS uptime: 0 days 2:07 hours

CPU: total 8 (initial active 8) (8 cores per cpu, 2 threads per core) family 23 model 24 stepping 1 microcode 0x0, cx8, cmov, fxsr, ht, mmx, 3dnowpref, sse, sse2, sse3, ssse3, sse4a, sse4.1, sse4.2, popcnt, lzcnt, tsc, tscinvbit, avx, avx2, aes, clmul, bmi1, bmi2, adx, sha, fma, vzeroupper, clflush, clflushopt

Memory: 4k page, system-wide physical 14213M (3439M free)
TotalPageFile size 14213M (AvailPageFile size 141M)
current process WorkingSet (physical memory assigned to process): 10M, peak: 10M
current process commit charge ("private bytes"): 55M, peak: 279M

vm_info: Java HotSpot(TM) 64-Bit Server VM (17.0.7+8-LTS-224) for windows-amd64 JRE (17.0.7+8-LTS-224), built on Feb 28 2023 23:03:02 by "mach5one" with MS VC++ 17.1 (VS2022)

END.
